<?xml version="1.0" encoding="UTF-8"?>
<testsuite name="com.dexterous.flutterlocalnotifications.models.NotificationActionTest" tests="1" skipped="0" failures="0" errors="0" timestamp="2025-01-31T13:36:37" hostname="bravon" time="0.056">
  <properties/>
  <testcase name="constructor_populatesAllFields" classname="com.dexterous.flutterlocalnotifications.models.NotificationActionTest" time="0.056"/>
  <system-out><![CDATA[]]></system-out>
  <system-err><![CDATA[]]></system-err>
</testsuite>
